2025-12-01 11:31:05 783 [background-preinit] INFO  org.hibernate.validator.internal.util.Version -  HV000001: Hibernate Validator 9.0.1.Final
2025-12-01 11:31:05 840 [main] INFO  com.spring.authsvr.AuthSvrApplication -  Starting AuthSvrApplication using Java 21.0.8 with PID 63084 (E:\project\ChatOnline\AuthSvr\target\classes started by 86131 in E:\project\ChatOnline)
2025-12-01 11:31:05 845 [main] INFO  com.spring.authsvr.AuthSvrApplication -  The following 1 profile is active: "dev"
2025-12-01 11:31:06 683 [main] INFO  org.springframework.data.repository.config.RepositoryConfigurationDelegate -  Multiple Spring Data modules found, entering strict repository configuration mode
2025-12-01 11:31:06 687 [main] INFO  org.springframework.data.repository.config.RepositoryConfigurationDelegate -  Bootstrapping Spring Data Redis repositories in DEFAULT mode.
2025-12-01 11:31:06 731 [main] INFO  org.springframework.data.repository.config.RepositoryConfigurationDelegate -  Finished Spring Data repository scanning in 23 ms. Found 0 Redis repository interfaces.
2025-12-01 11:31:07 784 [main] INFO  org.springframework.boot.tomcat.TomcatWebServer -  Tomcat initialized with port 8081 (http)
2025-12-01 11:31:07 803 [main] INFO  org.apache.coyote.http11.Http11NioProtocol -  Initializing ProtocolHandler ["http-nio-8081"]
2025-12-01 11:31:07 805 [main] INFO  org.apache.catalina.core.StandardService -  Starting service [Tomcat]
2025-12-01 11:31:07 805 [main] INFO  org.apache.catalina.core.StandardEngine -  Starting Servlet engine: [Apache Tomcat/11.0.14]
2025-12-01 11:31:07 872 [main] INFO  org.springframework.boot.web.context.servlet.WebApplicationContextInitializer -  Root WebApplicationContext: initialization completed in 1964 ms
2025-12-01 11:31:07 941 [main] WARN  org.springframework.boot.web.server.servlet.context.AnnotationConfigServletWebServerApplicationContext -  Exception encountered during context initialization - cancelling refresh attempt: org.springframework.beans.factory.UnsatisfiedDependencyException: Error creating bean with name 'checkPermissionAspect': Unsatisfied dependency expressed through field 'userRoleService': Error creating bean with name 'userRoleService': Unsatisfied dependency expressed through field 'userRoleMapper': Error creating bean with name 'userRoleMapper' defined in file [E:\project\ChatOnline\AuthSvr\target\classes\com\spring\authsvr\mapper\UserRoleMapper.class]: Property 'sqlSessionFactory' or 'sqlSessionTemplate' are required
2025-12-01 11:31:07 944 [main] INFO  org.apache.catalina.core.StandardService -  Stopping service [Tomcat]
2025-12-01 11:31:07 960 [main] INFO  org.springframework.boot.autoconfigure.logging.ConditionEvaluationReportLogger -  \r\n\r\nError starting ApplicationContext. To display the condition evaluation report re-run your application with 'debug' enabled.
2025-12-01 11:41:35 932 [background-preinit] INFO  org.hibernate.validator.internal.util.Version -  HV000001: Hibernate Validator 9.0.1.Final
2025-12-01 11:41:35 985 [main] INFO  com.spring.authsvr.AuthSvrApplication -  Starting AuthSvrApplication using Java 21.0.8 with PID 69588 (E:\project\ChatOnline\AuthSvr\target\classes started by 86131 in E:\project\ChatOnline)
2025-12-01 11:41:35 991 [main] INFO  com.spring.authsvr.AuthSvrApplication -  The following 1 profile is active: "dev"
2025-12-01 11:41:36 804 [main] INFO  org.springframework.data.repository.config.RepositoryConfigurationDelegate -  Multiple Spring Data modules found, entering strict repository configuration mode
2025-12-01 11:41:36 808 [main] INFO  org.springframework.data.repository.config.RepositoryConfigurationDelegate -  Bootstrapping Spring Data Redis repositories in DEFAULT mode.
2025-12-01 11:41:36 844 [main] INFO  org.springframework.data.repository.config.RepositoryConfigurationDelegate -  Finished Spring Data repository scanning in 21 ms. Found 0 Redis repository interfaces.
2025-12-01 11:41:37 789 [main] INFO  org.springframework.boot.tomcat.TomcatWebServer -  Tomcat initialized with port 8081 (http)
2025-12-01 11:41:37 807 [main] INFO  org.apache.coyote.http11.Http11NioProtocol -  Initializing ProtocolHandler ["http-nio-8081"]
2025-12-01 11:41:37 810 [main] INFO  org.apache.catalina.core.StandardService -  Starting service [Tomcat]
2025-12-01 11:41:37 811 [main] INFO  org.apache.catalina.core.StandardEngine -  Starting Servlet engine: [Apache Tomcat/11.0.14]
2025-12-01 11:41:37 861 [main] INFO  org.springframework.boot.web.context.servlet.WebApplicationContextInitializer -  Root WebApplicationContext: initialization completed in 1806 ms
2025-12-01 11:41:37 939 [main] WARN  org.springframework.boot.web.server.servlet.context.AnnotationConfigServletWebServerApplicationContext -  Exception encountered during context initialization - cancelling refresh attempt: org.springframework.beans.factory.UnsatisfiedDependencyException: Error creating bean with name 'checkPermissionAspect': Unsatisfied dependency expressed through field 'userRoleService': Error creating bean with name 'userRoleService': Unsatisfied dependency expressed through field 'userRoleMapper': Error creating bean with name 'userRoleMapper' defined in file [E:\project\ChatOnline\AuthSvr\target\classes\com\spring\authsvr\mapper\UserRoleMapper.class]: Property 'sqlSessionFactory' or 'sqlSessionTemplate' are required
2025-12-01 11:41:37 941 [main] INFO  org.apache.catalina.core.StandardService -  Stopping service [Tomcat]
2025-12-01 11:41:37 955 [main] INFO  org.springframework.boot.autoconfigure.logging.ConditionEvaluationReportLogger -  \r\n\r\nError starting ApplicationContext. To display the condition evaluation report re-run your application with 'debug' enabled.
2025-12-01 11:44:24 286 [background-preinit] INFO  org.hibernate.validator.internal.util.Version -  HV000001: Hibernate Validator 9.0.1.Final
2025-12-01 11:44:24 344 [main] INFO  com.spring.authsvr.AuthSvrApplication -  Starting AuthSvrApplication using Java 21.0.8 with PID 67096 (E:\project\ChatOnline\AuthSvr\target\classes started by 86131 in E:\project\ChatOnline)
2025-12-01 11:44:24 349 [main] INFO  com.spring.authsvr.AuthSvrApplication -  The following 1 profile is active: "dev"
2025-12-01 11:44:25 164 [main] INFO  org.springframework.data.repository.config.RepositoryConfigurationDelegate -  Multiple Spring Data modules found, entering strict repository configuration mode
2025-12-01 11:44:25 168 [main] INFO  org.springframework.data.repository.config.RepositoryConfigurationDelegate -  Bootstrapping Spring Data Redis repositories in DEFAULT mode.
2025-12-01 11:44:25 206 [main] INFO  org.springframework.data.repository.config.RepositoryConfigurationDelegate -  Finished Spring Data repository scanning in 22 ms. Found 0 Redis repository interfaces.
2025-12-01 11:44:26 113 [main] INFO  org.springframework.boot.tomcat.TomcatWebServer -  Tomcat initialized with port 8081 (http)
2025-12-01 11:44:26 129 [main] INFO  org.apache.coyote.http11.Http11NioProtocol -  Initializing ProtocolHandler ["http-nio-8081"]
2025-12-01 11:44:26 131 [main] INFO  org.apache.catalina.core.StandardService -  Starting service [Tomcat]
2025-12-01 11:44:26 131 [main] INFO  org.apache.catalina.core.StandardEngine -  Starting Servlet engine: [Apache Tomcat/11.0.14]
2025-12-01 11:44:26 183 [main] INFO  org.springframework.boot.web.context.servlet.WebApplicationContextInitializer -  Root WebApplicationContext: initialization completed in 1769 ms
2025-12-01 11:44:26 254 [main] WARN  org.springframework.boot.web.server.servlet.context.AnnotationConfigServletWebServerApplicationContext -  Exception encountered during context initialization - cancelling refresh attempt: org.springframework.beans.factory.UnsatisfiedDependencyException: Error creating bean with name 'checkPermissionAspect': Unsatisfied dependency expressed through field 'userRoleService': Error creating bean with name 'userRoleService': Unsatisfied dependency expressed through field 'userRoleMapper': Error creating bean with name 'userRoleMapper' defined in file [E:\project\ChatOnline\AuthSvr\target\classes\com\spring\authsvr\mapper\UserRoleMapper.class]: Property 'sqlSessionFactory' or 'sqlSessionTemplate' are required
2025-12-01 11:44:26 257 [main] INFO  org.apache.catalina.core.StandardService -  Stopping service [Tomcat]
2025-12-01 11:44:26 270 [main] INFO  org.springframework.boot.autoconfigure.logging.ConditionEvaluationReportLogger -  \r\n\r\nError starting ApplicationContext. To display the condition evaluation report re-run your application with 'debug' enabled.
2025-12-01 11:44:38 894 [background-preinit] INFO  org.hibernate.validator.internal.util.Version -  HV000001: Hibernate Validator 9.0.1.Final
2025-12-01 11:44:38 956 [main] INFO  com.spring.authsvr.AuthSvrApplication -  Starting AuthSvrApplication using Java 21.0.8 with PID 58904 (E:\project\ChatOnline\AuthSvr\target\classes started by 86131 in E:\project\ChatOnline)
2025-12-01 11:44:38 962 [main] INFO  com.spring.authsvr.AuthSvrApplication -  The following 1 profile is active: "dev"
2025-12-01 11:44:39 767 [main] INFO  org.springframework.data.repository.config.RepositoryConfigurationDelegate -  Multiple Spring Data modules found, entering strict repository configuration mode
2025-12-01 11:44:39 769 [main] INFO  org.springframework.data.repository.config.RepositoryConfigurationDelegate -  Bootstrapping Spring Data Redis repositories in DEFAULT mode.
2025-12-01 11:44:39 811 [main] INFO  org.springframework.data.repository.config.RepositoryConfigurationDelegate -  Finished Spring Data repository scanning in 25 ms. Found 0 Redis repository interfaces.
2025-12-01 11:44:40 687 [main] INFO  org.springframework.boot.tomcat.TomcatWebServer -  Tomcat initialized with port 8081 (http)
2025-12-01 11:44:40 702 [main] INFO  org.apache.coyote.http11.Http11NioProtocol -  Initializing ProtocolHandler ["http-nio-8081"]
2025-12-01 11:44:40 705 [main] INFO  org.apache.catalina.core.StandardService -  Starting service [Tomcat]
2025-12-01 11:44:40 705 [main] INFO  org.apache.catalina.core.StandardEngine -  Starting Servlet engine: [Apache Tomcat/11.0.14]
2025-12-01 11:44:40 757 [main] INFO  org.springframework.boot.web.context.servlet.WebApplicationContextInitializer -  Root WebApplicationContext: initialization completed in 1722 ms
2025-12-01 11:44:40 820 [main] WARN  org.springframework.boot.web.server.servlet.context.AnnotationConfigServletWebServerApplicationContext -  Exception encountered during context initialization - cancelling refresh attempt: org.springframework.beans.factory.UnsatisfiedDependencyException: Error creating bean with name 'checkPermissionAspect': Unsatisfied dependency expressed through field 'userRoleService': Error creating bean with name 'userRoleService': Unsatisfied dependency expressed through field 'userRoleMapper': Error creating bean with name 'userRoleMapper' defined in file [E:\project\ChatOnline\AuthSvr\target\classes\com\spring\authsvr\mapper\UserRoleMapper.class]: Property 'sqlSessionFactory' or 'sqlSessionTemplate' are required
2025-12-01 11:44:40 823 [main] INFO  org.apache.catalina.core.StandardService -  Stopping service [Tomcat]
2025-12-01 11:44:40 835 [main] INFO  org.springframework.boot.autoconfigure.logging.ConditionEvaluationReportLogger -  \r\n\r\nError starting ApplicationContext. To display the condition evaluation report re-run your application with 'debug' enabled.
2025-12-01 11:50:17 524 [background-preinit] INFO  org.hibernate.validator.internal.util.Version -  HV000001: Hibernate Validator 9.0.1.Final
2025-12-01 11:50:17 582 [main] INFO  com.spring.authsvr.AuthSvrApplication -  Starting AuthSvrApplication using Java 21.0.8 with PID 8864 (E:\project\ChatOnline\AuthSvr\target\classes started by 86131 in E:\project\ChatOnline)
2025-12-01 11:50:17 587 [main] INFO  com.spring.authsvr.AuthSvrApplication -  The following 1 profile is active: "dev"
2025-12-01 11:50:18 456 [main] INFO  org.springframework.data.repository.config.RepositoryConfigurationDelegate -  Multiple Spring Data modules found, entering strict repository configuration mode
2025-12-01 11:50:18 459 [main] INFO  org.springframework.data.repository.config.RepositoryConfigurationDelegate -  Bootstrapping Spring Data Redis repositories in DEFAULT mode.
2025-12-01 11:50:18 501 [main] INFO  org.springframework.data.repository.config.RepositoryConfigurationDelegate -  Finished Spring Data repository scanning in 24 ms. Found 0 Redis repository interfaces.
2025-12-01 11:50:19 394 [main] INFO  org.springframework.boot.tomcat.TomcatWebServer -  Tomcat initialized with port 8081 (http)
2025-12-01 11:50:19 410 [main] INFO  org.apache.coyote.http11.Http11NioProtocol -  Initializing ProtocolHandler ["http-nio-8081"]
2025-12-01 11:50:19 412 [main] INFO  org.apache.catalina.core.StandardService -  Starting service [Tomcat]
2025-12-01 11:50:19 412 [main] INFO  org.apache.catalina.core.StandardEngine -  Starting Servlet engine: [Apache Tomcat/11.0.14]
2025-12-01 11:50:19 482 [main] INFO  org.springframework.boot.web.context.servlet.WebApplicationContextInitializer -  Root WebApplicationContext: initialization completed in 1818 ms
2025-12-01 11:50:19 576 [main] WARN  org.springframework.boot.web.server.servlet.context.AnnotationConfigServletWebServerApplicationContext -  Exception encountered during context initialization - cancelling refresh attempt: org.springframework.beans.factory.UnsatisfiedDependencyException: Error creating bean with name 'checkPermissionAspect': Unsatisfied dependency expressed through field 'userRoleService': Error creating bean with name 'userRoleService': Unsatisfied dependency expressed through field 'userRoleMapper': Error creating bean with name 'userRoleMapper' defined in file [E:\project\ChatOnline\AuthSvr\target\classes\com\spring\authsvr\mapper\UserRoleMapper.class]: Property 'sqlSessionFactory' or 'sqlSessionTemplate' are required
2025-12-01 11:50:19 579 [main] INFO  org.apache.catalina.core.StandardService -  Stopping service [Tomcat]
2025-12-01 11:50:19 596 [main] INFO  org.springframework.boot.autoconfigure.logging.ConditionEvaluationReportLogger -  \r\n\r\nError starting ApplicationContext. To display the condition evaluation report re-run your application with 'debug' enabled.
2025-12-01 11:53:03 768 [background-preinit] INFO  org.hibernate.validator.internal.util.Version -  HV000001: Hibernate Validator 9.0.1.Final
2025-12-01 11:53:03 823 [main] INFO  com.spring.authsvr.AuthSvrApplication -  Starting AuthSvrApplication using Java 21.0.8 with PID 69248 (E:\project\ChatOnline\AuthSvr\target\classes started by 86131 in E:\project\ChatOnline)
2025-12-01 11:53:03 830 [main] INFO  com.spring.authsvr.AuthSvrApplication -  The following 1 profile is active: "dev"
2025-12-01 11:53:04 662 [main] INFO  org.springframework.data.repository.config.RepositoryConfigurationDelegate -  Multiple Spring Data modules found, entering strict repository configuration mode
2025-12-01 11:53:04 665 [main] INFO  org.springframework.data.repository.config.RepositoryConfigurationDelegate -  Bootstrapping Spring Data Redis repositories in DEFAULT mode.
2025-12-01 11:53:04 703 [main] INFO  org.springframework.data.repository.config.RepositoryConfigurationDelegate -  Finished Spring Data repository scanning in 22 ms. Found 0 Redis repository interfaces.
2025-12-01 11:53:05 577 [main] INFO  org.springframework.boot.tomcat.TomcatWebServer -  Tomcat initialized with port 8081 (http)
2025-12-01 11:53:05 595 [main] INFO  org.apache.coyote.http11.Http11NioProtocol -  Initializing ProtocolHandler ["http-nio-8081"]
2025-12-01 11:53:05 596 [main] INFO  org.apache.catalina.core.StandardService -  Starting service [Tomcat]
2025-12-01 11:53:05 597 [main] INFO  org.apache.catalina.core.StandardEngine -  Starting Servlet engine: [Apache Tomcat/11.0.14]
2025-12-01 11:53:05 652 [main] INFO  org.springframework.boot.web.context.servlet.WebApplicationContextInitializer -  Root WebApplicationContext: initialization completed in 1753 ms
2025-12-01 11:53:05 720 [main] WARN  org.springframework.boot.web.server.servlet.context.AnnotationConfigServletWebServerApplicationContext -  Exception encountered during context initialization - cancelling refresh attempt: org.springframework.beans.factory.UnsatisfiedDependencyException: Error creating bean with name 'checkPermissionAspect': Unsatisfied dependency expressed through field 'userRoleService': Error creating bean with name 'userRoleService': Unsatisfied dependency expressed through field 'userRoleMapper': Error creating bean with name 'userRoleMapper' defined in file [E:\project\ChatOnline\AuthSvr\target\classes\com\spring\authsvr\mapper\UserRoleMapper.class]: Property 'sqlSessionFactory' or 'sqlSessionTemplate' are required
2025-12-01 11:53:05 723 [main] INFO  org.apache.catalina.core.StandardService -  Stopping service [Tomcat]
2025-12-01 11:53:05 737 [main] INFO  org.springframework.boot.autoconfigure.logging.ConditionEvaluationReportLogger -  \r\n\r\nError starting ApplicationContext. To display the condition evaluation report re-run your application with 'debug' enabled.
2025-12-01 12:09:08 215 [background-preinit] INFO  org.hibernate.validator.internal.util.Version -  HV000001: Hibernate Validator 9.0.1.Final
2025-12-01 12:09:08 273 [main] INFO  com.spring.authsvr.AuthSvrApplication -  Starting AuthSvrApplication using Java 21.0.8 with PID 70088 (E:\project\ChatOnline\AuthSvr\target\classes started by 86131 in E:\project\ChatOnline)
2025-12-01 12:09:08 278 [main] INFO  com.spring.authsvr.AuthSvrApplication -  The following 1 profile is active: "dev"
2025-12-01 12:09:09 079 [main] INFO  org.springframework.data.repository.config.RepositoryConfigurationDelegate -  Multiple Spring Data modules found, entering strict repository configuration mode
2025-12-01 12:09:09 082 [main] INFO  org.springframework.data.repository.config.RepositoryConfigurationDelegate -  Bootstrapping Spring Data Redis repositories in DEFAULT mode.
2025-12-01 12:09:09 123 [main] INFO  org.springframework.data.repository.config.RepositoryConfigurationDelegate -  Finished Spring Data repository scanning in 25 ms. Found 0 Redis repository interfaces.
2025-12-01 12:09:10 081 [main] INFO  org.springframework.boot.tomcat.TomcatWebServer -  Tomcat initialized with port 8081 (http)
2025-12-01 12:09:10 105 [main] INFO  org.apache.coyote.http11.Http11NioProtocol -  Initializing ProtocolHandler ["http-nio-8081"]
2025-12-01 12:09:10 107 [main] INFO  org.apache.catalina.core.StandardService -  Starting service [Tomcat]
2025-12-01 12:09:10 108 [main] INFO  org.apache.catalina.core.StandardEngine -  Starting Servlet engine: [Apache Tomcat/11.0.14]
2025-12-01 12:09:10 172 [main] INFO  org.springframework.boot.web.context.servlet.WebApplicationContextInitializer -  Root WebApplicationContext: initialization completed in 1826 ms
2025-12-01 12:09:10 237 [main] WARN  org.springframework.boot.web.server.servlet.context.AnnotationConfigServletWebServerApplicationContext -  Exception encountered during context initialization - cancelling refresh attempt: org.springframework.beans.factory.UnsatisfiedDependencyException: Error creating bean with name 'checkPermissionAspect': Unsatisfied dependency expressed through field 'userRoleService': Error creating bean with name 'userRoleService': Unsatisfied dependency expressed through field 'userRoleMapper': Error creating bean with name 'userRoleMapper' defined in file [E:\project\ChatOnline\AuthSvr\target\classes\com\spring\authsvr\mapper\UserRoleMapper.class]: Property 'sqlSessionFactory' or 'sqlSessionTemplate' are required
2025-12-01 12:09:10 240 [main] INFO  org.apache.catalina.core.StandardService -  Stopping service [Tomcat]
2025-12-01 12:09:10 253 [main] INFO  org.springframework.boot.autoconfigure.logging.ConditionEvaluationReportLogger -  \r\n\r\nError starting ApplicationContext. To display the condition evaluation report re-run your application with 'debug' enabled.
2025-12-01 12:15:56 299 [background-preinit] INFO  org.hibernate.validator.internal.util.Version -  HV000001: Hibernate Validator 9.0.1.Final
2025-12-01 12:15:56 355 [main] INFO  com.spring.authsvr.AuthSvrApplication -  Starting AuthSvrApplication using Java 21.0.8 with PID 69036 (E:\project\ChatOnline\AuthSvr\target\classes started by 86131 in E:\project\ChatOnline)
2025-12-01 12:15:56 360 [main] INFO  com.spring.authsvr.AuthSvrApplication -  The following 1 profile is active: "dev"
2025-12-01 12:15:57 168 [main] INFO  org.springframework.data.repository.config.RepositoryConfigurationDelegate -  Multiple Spring Data modules found, entering strict repository configuration mode
2025-12-01 12:15:57 171 [main] INFO  org.springframework.data.repository.config.RepositoryConfigurationDelegate -  Bootstrapping Spring Data Redis repositories in DEFAULT mode.
2025-12-01 12:15:57 210 [main] INFO  org.springframework.data.repository.config.RepositoryConfigurationDelegate -  Finished Spring Data repository scanning in 23 ms. Found 0 Redis repository interfaces.
2025-12-01 12:15:58 084 [main] INFO  org.springframework.boot.tomcat.TomcatWebServer -  Tomcat initialized with port 8081 (http)
2025-12-01 12:15:58 107 [main] INFO  org.apache.coyote.http11.Http11NioProtocol -  Initializing ProtocolHandler ["http-nio-8081"]
2025-12-01 12:15:58 109 [main] INFO  org.apache.catalina.core.StandardService -  Starting service [Tomcat]
2025-12-01 12:15:58 109 [main] INFO  org.apache.catalina.core.StandardEngine -  Starting Servlet engine: [Apache Tomcat/11.0.14]
2025-12-01 12:15:58 176 [main] INFO  org.springframework.boot.web.context.servlet.WebApplicationContextInitializer -  Root WebApplicationContext: initialization completed in 1757 ms
2025-12-01 12:15:58 240 [main] WARN  org.springframework.boot.web.server.servlet.context.AnnotationConfigServletWebServerApplicationContext -  Exception encountered during context initialization - cancelling refresh attempt: org.springframework.beans.factory.UnsatisfiedDependencyException: Error creating bean with name 'checkPermissionAspect': Unsatisfied dependency expressed through field 'userRoleService': Error creating bean with name 'userRoleService': Unsatisfied dependency expressed through field 'userRoleMapper': No qualifying bean of type 'com.spring.authsvr.mapper.UserRoleMapper' available: expected at least 1 bean which qualifies as autowire candidate. Dependency annotations: {@org.springframework.beans.factory.annotation.Autowired(required=true)}
2025-12-01 12:15:58 244 [main] INFO  org.apache.catalina.core.StandardService -  Stopping service [Tomcat]
2025-12-01 12:15:58 256 [main] INFO  org.springframework.boot.autoconfigure.logging.ConditionEvaluationReportLogger -  \r\n\r\nError starting ApplicationContext. To display the condition evaluation report re-run your application with 'debug' enabled.
2025-12-01 12:16:16 793 [background-preinit] INFO  org.hibernate.validator.internal.util.Version -  HV000001: Hibernate Validator 9.0.1.Final
2025-12-01 12:16:16 847 [main] INFO  com.spring.authsvr.AuthSvrApplication -  Starting AuthSvrApplication using Java 21.0.8 with PID 61664 (E:\project\ChatOnline\AuthSvr\target\classes started by 86131 in E:\project\ChatOnline)
2025-12-01 12:16:16 853 [main] INFO  com.spring.authsvr.AuthSvrApplication -  The following 1 profile is active: "dev"
2025-12-01 12:16:17 715 [main] INFO  org.springframework.data.repository.config.RepositoryConfigurationDelegate -  Multiple Spring Data modules found, entering strict repository configuration mode
2025-12-01 12:16:17 717 [main] INFO  org.springframework.data.repository.config.RepositoryConfigurationDelegate -  Bootstrapping Spring Data Redis repositories in DEFAULT mode.
2025-12-01 12:16:17 756 [main] INFO  org.springframework.data.repository.config.RepositoryConfigurationDelegate -  Finished Spring Data repository scanning in 23 ms. Found 0 Redis repository interfaces.
2025-12-01 12:16:18 640 [main] INFO  org.springframework.boot.tomcat.TomcatWebServer -  Tomcat initialized with port 8081 (http)
2025-12-01 12:16:18 656 [main] INFO  org.apache.coyote.http11.Http11NioProtocol -  Initializing ProtocolHandler ["http-nio-8081"]
2025-12-01 12:16:18 659 [main] INFO  org.apache.catalina.core.StandardService -  Starting service [Tomcat]
2025-12-01 12:16:18 660 [main] INFO  org.apache.catalina.core.StandardEngine -  Starting Servlet engine: [Apache Tomcat/11.0.14]
2025-12-01 12:16:18 733 [main] INFO  org.springframework.boot.web.context.servlet.WebApplicationContextInitializer -  Root WebApplicationContext: initialization completed in 1814 ms
2025-12-01 12:16:18 794 [main] WARN  org.springframework.boot.web.server.servlet.context.AnnotationConfigServletWebServerApplicationContext -  Exception encountered during context initialization - cancelling refresh attempt: org.springframework.beans.factory.UnsatisfiedDependencyException: Error creating bean with name 'checkPermissionAspect': Unsatisfied dependency expressed through field 'userRoleService': Error creating bean with name 'userRoleService': Unsatisfied dependency expressed through field 'userRoleMapper': Error creating bean with name 'userRoleMapper' defined in file [E:\project\ChatOnline\AuthSvr\target\classes\com\spring\authsvr\mapper\UserRoleMapper.class]: Property 'sqlSessionFactory' or 'sqlSessionTemplate' are required
2025-12-01 12:16:18 797 [main] INFO  org.apache.catalina.core.StandardService -  Stopping service [Tomcat]
2025-12-01 12:16:18 810 [main] INFO  org.springframework.boot.autoconfigure.logging.ConditionEvaluationReportLogger -  \r\n\r\nError starting ApplicationContext. To display the condition evaluation report re-run your application with 'debug' enabled.
2025-12-01 12:17:25 048 [background-preinit] INFO  org.hibernate.validator.internal.util.Version -  HV000001: Hibernate Validator 9.0.1.Final
2025-12-01 12:17:25 107 [main] INFO  com.spring.authsvr.AuthSvrApplication -  Starting AuthSvrApplication using Java 21.0.8 with PID 69272 (E:\project\ChatOnline\AuthSvr\target\classes started by 86131 in E:\project\ChatOnline)
2025-12-01 12:17:25 111 [main] INFO  com.spring.authsvr.AuthSvrApplication -  The following 1 profile is active: "dev"
2025-12-01 12:17:25 936 [main] INFO  org.springframework.data.repository.config.RepositoryConfigurationDelegate -  Multiple Spring Data modules found, entering strict repository configuration mode
2025-12-01 12:17:25 939 [main] INFO  org.springframework.data.repository.config.RepositoryConfigurationDelegate -  Bootstrapping Spring Data Redis repositories in DEFAULT mode.
2025-12-01 12:17:25 982 [main] INFO  org.springframework.data.repository.config.RepositoryConfigurationDelegate -  Finished Spring Data repository scanning in 28 ms. Found 0 Redis repository interfaces.
2025-12-01 12:17:26 914 [main] INFO  org.springframework.boot.tomcat.TomcatWebServer -  Tomcat initialized with port 8081 (http)
2025-12-01 12:17:26 933 [main] INFO  org.apache.coyote.http11.Http11NioProtocol -  Initializing ProtocolHandler ["http-nio-8081"]
2025-12-01 12:17:26 941 [main] INFO  org.apache.catalina.core.StandardService -  Starting service [Tomcat]
2025-12-01 12:17:26 942 [main] INFO  org.apache.catalina.core.StandardEngine -  Starting Servlet engine: [Apache Tomcat/11.0.14]
2025-12-01 12:17:26 996 [main] INFO  org.springframework.boot.web.context.servlet.WebApplicationContextInitializer -  Root WebApplicationContext: initialization completed in 1823 ms
2025-12-01 12:17:27 062 [main] WARN  org.springframework.boot.web.server.servlet.context.AnnotationConfigServletWebServerApplicationContext -  Exception encountered during context initialization - cancelling refresh attempt: org.springframework.beans.factory.UnsatisfiedDependencyException: Error creating bean with name 'checkPermissionAspect': Unsatisfied dependency expressed through field 'userRoleService': Error creating bean with name 'userRoleService': Unsatisfied dependency expressed through field 'userRoleMapper': Error creating bean with name 'userRoleMapper' defined in file [E:\project\ChatOnline\AuthSvr\target\classes\com\spring\authsvr\mapper\UserRoleMapper.class]: Property 'sqlSessionFactory' or 'sqlSessionTemplate' are required
2025-12-01 12:17:27 065 [main] INFO  org.apache.catalina.core.StandardService -  Stopping service [Tomcat]
2025-12-01 12:17:27 078 [main] INFO  org.springframework.boot.autoconfigure.logging.ConditionEvaluationReportLogger -  \r\n\r\nError starting ApplicationContext. To display the condition evaluation report re-run your application with 'debug' enabled.
