2025-08-04 08:49:50 124 [main] INFO  org.springframework.test.context.support.AnnotationConfigContextLoaderUtils -  Could not detect default configuration classes for test class [com.spring.authsvr.NIOTests]: NIOTests does not declare any static, non-private, non-final, nested classes annotated with @Configuration.
2025-08-04 08:49:50 284 [main] INFO  org.springframework.boot.test.context.SpringBootTestContextBootstrapper -  Found @SpringBootConfiguration com.spring.authsvr.SsmApplication for test class com.spring.authsvr.NIOTests
2025-08-04 08:49:50 847 [main] INFO  com.spring.authsvr.listener.MyListener -  感知事件ApplicationEnvironmentPreparedEvent
2025-08-04 08:49:50 848 [main] INFO  com.spring.authsvr.listener.MyAppListener -  environmentPrepared
2025-08-04 08:49:50 891 [background-preinit] INFO  org.hibernate.validator.internal.util.Version -  HV000001: Hibernate Validator 8.0.2.Final
2025-08-04 08:49:50 945 [main] INFO  com.spring.authsvr.listener.MyListener -  感知事件ApplicationContextInitializedEvent
2025-08-04 08:49:50 946 [main] INFO  com.spring.authsvr.listener.MyAppListener -  contextPrepared
2025-08-04 08:49:50 948 [main] INFO  com.spring.authsvr.NIOTests -  Starting NIOTests using Java 17.0.15 with PID 27116 (started by 86131 in E:\Workspace\springboot3\ssm)
2025-08-04 08:49:50 953 [main] INFO  com.spring.authsvr.NIOTests -  The following 1 profile is active: "dev"
2025-08-04 08:49:51 009 [main] INFO  com.spring.authsvr.listener.MyListener -  感知事件ApplicationPreparedEvent
2025-08-04 08:49:51 009 [main] INFO  com.spring.authsvr.listener.MyAppListener -  contextLoaded
2025-08-04 08:49:52 310 [main] INFO  org.springframework.data.repository.config.RepositoryConfigurationDelegate -  Multiple Spring Data modules found, entering strict repository configuration mode
2025-08-04 08:49:52 315 [main] INFO  org.springframework.data.repository.config.RepositoryConfigurationDelegate -  Bootstrapping Spring Data Redis repositories in DEFAULT mode.
2025-08-04 08:49:52 375 [main] INFO  org.springframework.data.repository.config.RepositoryConfigurationDelegate -  Finished Spring Data repository scanning in 26 ms. Found 0 Redis repository interfaces.
2025-08-04 08:49:54 963 [main] INFO  org.redisson.Version -  Redisson 3.50.0
2025-08-04 08:49:55 121 [main] WARN  org.springframework.web.context.support.GenericWebApplicationContext -  Exception encountered during context initialization - cancelling refresh attempt: org.springframework.beans.factory.BeanCreationException: Error creating bean with name 'redisson' defined in class path resource [com/spring/ssm/config/RedisConfig.class]: Failed to instantiate [org.redisson.Redisson]: Factory method 'redisson' threw exception with message: Redis url should start with redis:// or rediss:// (for SSL connection)
2025-08-04 08:49:55 160 [main] INFO  com.spring.authsvr.listener.MyListener -  感知事件ApplicationFailedEvent
2025-08-04 08:49:55 215 [main] INFO  org.springframework.boot.autoconfigure.logging.ConditionEvaluationReportLogger -  \r\n\r\nError starting ApplicationContext. To display the condition evaluation report re-run your application with 'debug' enabled.
2025-08-04 08:49:55 215 [main] INFO  com.spring.authsvr.listener.MyAppListener -  failed
2025-08-04 08:49:55 271 [main] WARN  org.springframework.test.context.TestContextManager -  Caught exception while allowing TestExecutionListener [org.springframework.test.context.web.ServletTestExecutionListener] to prepare test instance [com.spring.authsvr.NIOTests@e3692ca]
java.lang.IllegalStateException: Failed to load ApplicationContext for [WebMergedContextConfiguration@71eaef6a testClass = com.spring.authsvr.NIOTests, locations = [], classes = [com.spring.authsvr.SsmApplication], contextInitializerClasses = [], activeProfiles = [], propertySourceDescriptors = [], propertySourceProperties = ["org.springframework.boot.test.context.SpringBootTestContextBootstrapper=true"], contextCustomizers = [org.springframework.boot.test.context.filter.ExcludeFilterContextCustomizer@2974f221, org.springframework.boot.test.json.DuplicateJsonObjectContextCustomizerFactory$DuplicateJsonObjectContextCustomizer@4044fb95, org.springframework.boot.test.mock.mockito.MockitoContextCustomizer@0, org.springframework.boot.test.web.client.TestRestTemplateContextCustomizer@6eeade6c, org.springframework.boot.test.web.reactor.netty.DisableReactorResourceFactoryGlobalResourcesContextCustomizerFactory$DisableReactorResourceFactoryGlobalResourcesContextCustomizerCustomizer@20a8a64e, org.springframework.boot.test.autoconfigure.OnFailureConditionReportContextCustomizerFactory$OnFailureConditionReportContextCustomizer@4504d271, org.springframework.boot.test.autoconfigure.actuate.observability.ObservabilityContextCustomizerFactory$DisableObservabilityContextCustomizer@1f, org.springframework.boot.test.autoconfigure.properties.PropertyMappingContextCustomizer@0, org.springframework.boot.test.autoconfigure.web.servlet.WebDriverContextCustomizer@19ae6bb, org.springframework.test.context.support.DynamicPropertiesContextCustomizer@0, org.springframework.boot.test.context.SpringBootTestAnnotation@c13d9edc], resourceBasePath = "src/main/webapp", contextLoader = org.springframework.boot.test.context.SpringBootContextLoader, parent = null]
	at org.springframework.test.context.cache.DefaultCacheAwareContextLoaderDelegate.loadContext(DefaultCacheAwareContextLoaderDelegate.java:180) ~[spring-test-6.2.8.jar:6.2.8]
	at org.springframework.test.context.support.DefaultTestContext.getApplicationContext(DefaultTestContext.java:130) ~[spring-test-6.2.8.jar:6.2.8]
	at org.springframework.test.context.web.ServletTestExecutionListener.setUpRequestContextIfNecessary(ServletTestExecutionListener.java:200) ~[spring-test-6.2.8.jar:6.2.8]
	at org.springframework.test.context.web.ServletTestExecutionListener.prepareTestInstance(ServletTestExecutionListener.java:139) ~[spring-test-6.2.8.jar:6.2.8]
	at org.springframework.test.context.TestContextManager.prepareTestInstance(TestContextManager.java:260) ~[spring-test-6.2.8.jar:6.2.8]
	at org.springframework.test.context.junit.jupiter.SpringExtension.postProcessTestInstance(SpringExtension.java:159) ~[spring-test-6.2.8.jar:6.2.8]
	at org.junit.jupiter.engine.descriptor.ClassBasedTestDescriptor.lambda$invokeTestInstancePostProcessors$11(ClassBasedTestDescriptor.java:378) ~[junit-jupiter-engine-5.11.4.jar:5.11.4]
	at org.junit.jupiter.engine.descriptor.ClassBasedTestDescriptor.executeAndMaskThrowable(ClassBasedTestDescriptor.java:383) ~[junit-jupiter-engine-5.11.4.jar:5.11.4]
	at org.junit.jupiter.engine.descriptor.ClassBasedTestDescriptor.lambda$invokeTestInstancePostProcessors$12(ClassBasedTestDescriptor.java:378) ~[junit-jupiter-engine-5.11.4.jar:5.11.4]
	at java.base/java.util.stream.ForEachOps$ForEachOp$OfRef.accept(ForEachOps.java:183) ~[?:?]
	at java.base/java.util.stream.ReferencePipeline$3$1.accept(ReferencePipeline.java:197) ~[?:?]
	at java.base/java.util.stream.ReferencePipeline$2$1.accept(ReferencePipeline.java:179) ~[?:?]
	at java.base/java.util.stream.ReferencePipeline$3$1.accept(ReferencePipeline.java:197) ~[?:?]
	at java.base/java.util.ArrayList$ArrayListSpliterator.forEachRemaining(ArrayList.java:1625) ~[?:?]
	at java.base/java.util.stream.AbstractPipeline.copyInto(AbstractPipeline.java:509) ~[?:?]
	at java.base/java.util.stream.AbstractPipeline.wrapAndCopyInto(AbstractPipeline.java:499) ~[?:?]
	at java.base/java.util.stream.ForEachOps$ForEachOp.evaluateSequential(ForEachOps.java:150) ~[?:?]
	at java.base/java.util.stream.ForEachOps$ForEachOp$OfRef.evaluateSequential(ForEachOps.java:173) ~[?:?]
	at java.base/java.util.stream.AbstractPipeline.evaluate(AbstractPipeline.java:234) ~[?:?]
	at java.base/java.util.stream.ReferencePipeline.forEach(ReferencePipeline.java:596) ~[?:?]
	at org.junit.jupiter.engine.descriptor.ClassBasedTestDescriptor.invokeTestInstancePostProcessors(ClassBasedTestDescriptor.java:377) ~[junit-jupiter-engine-5.11.4.jar:5.11.4]
	at org.junit.jupiter.engine.descriptor.ClassBasedTestDescriptor.lambda$instantiateAndPostProcessTestInstance$7(ClassBasedTestDescriptor.java:290) ~[junit-jupiter-engine-5.11.4.jar:5.11.4]
	at org.junit.platform.engine.support.hierarchical.ThrowableCollector.execute(ThrowableCollector.java:73) ~[junit-platform-engine-1.11.4.jar:1.11.4]
	at org.junit.jupiter.engine.descriptor.ClassBasedTestDescriptor.instantiateAndPostProcessTestInstance(ClassBasedTestDescriptor.java:289) ~[junit-jupiter-engine-5.11.4.jar:5.11.4]
	at org.junit.jupiter.engine.descriptor.ClassBasedTestDescriptor.lambda$testInstancesProvider$5(ClassBasedTestDescriptor.java:279) ~[junit-jupiter-engine-5.11.4.jar:5.11.4]
	at java.base/java.util.Optional.orElseGet(Optional.java:364) ~[?:?]
	at org.junit.jupiter.engine.descriptor.ClassBasedTestDescriptor.lambda$testInstancesProvider$6(ClassBasedTestDescriptor.java:278) ~[junit-jupiter-engine-5.11.4.jar:5.11.4]
	at org.junit.jupiter.engine.execution.TestInstancesProvider.getTestInstances(TestInstancesProvider.java:31) ~[junit-jupiter-engine-5.11.4.jar:5.11.4]
	at org.junit.jupiter.engine.descriptor.TestMethodTestDescriptor.lambda$prepare$1(TestMethodTestDescriptor.java:105) ~[junit-jupiter-engine-5.11.4.jar:5.11.4]
	at org.junit.platform.engine.support.hierarchical.ThrowableCollector.execute(ThrowableCollector.java:73) ~[junit-platform-engine-1.11.4.jar:1.11.4]
	at org.junit.jupiter.engine.descriptor.TestMethodTestDescriptor.prepare(TestMethodTestDescriptor.java:104) ~[junit-jupiter-engine-5.11.4.jar:5.11.4]
	at org.junit.jupiter.engine.descriptor.TestMethodTestDescriptor.prepare(TestMethodTestDescriptor.java:68) ~[junit-jupiter-engine-5.11.4.jar:5.11.4]
	at org.junit.platform.engine.support.hierarchical.NodeTestTask.lambda$prepare$2(NodeTestTask.java:128) ~[junit-platform-engine-1.11.4.jar:1.11.4]
	at org.junit.platform.engine.support.hierarchical.ThrowableCollector.execute(ThrowableCollector.java:73) ~[junit-platform-engine-1.11.4.jar:1.11.4]
	at org.junit.platform.engine.support.hierarchical.NodeTestTask.prepare(NodeTestTask.java:128) ~[junit-platform-engine-1.11.4.jar:1.11.4]
	at org.junit.platform.engine.support.hierarchical.NodeTestTask.execute(NodeTestTask.java:95) ~[junit-platform-engine-1.11.4.jar:1.11.4]
	at java.base/java.util.ArrayList.forEach(ArrayList.java:1511) ~[?:?]
	at org.junit.platform.engine.support.hierarchical.SameThreadHierarchicalTestExecutorService.invokeAll(SameThreadHierarchicalTestExecutorService.java:41) ~[junit-platform-engine-1.11.4.jar:1.11.4]
	at org.junit.platform.engine.support.hierarchical.NodeTestTask.lambda$executeRecursively$6(NodeTestTask.java:160) ~[junit-platform-engine-1.11.4.jar:1.11.4]
	at org.junit.platform.engine.support.hierarchical.ThrowableCollector.execute(ThrowableCollector.java:73) ~[junit-platform-engine-1.11.4.jar:1.11.4]
	at org.junit.platform.engine.support.hierarchical.NodeTestTask.lambda$executeRecursively$8(NodeTestTask.java:146) ~[junit-platform-engine-1.11.4.jar:1.11.4]
	at org.junit.platform.engine.support.hierarchical.Node.around(Node.java:137) ~[junit-platform-engine-1.11.4.jar:1.11.4]
	at org.junit.platform.engine.support.hierarchical.NodeTestTask.lambda$executeRecursively$9(NodeTestTask.java:144) ~[junit-platform-engine-1.11.4.jar:1.11.4]
	at org.junit.platform.engine.support.hierarchical.ThrowableCollector.execute(ThrowableCollector.java:73) ~[junit-platform-engine-1.11.4.jar:1.11.4]
	at org.junit.platform.engine.support.hierarchical.NodeTestTask.executeRecursively(NodeTestTask.java:143) ~[junit-platform-engine-1.11.4.jar:1.11.4]
	at org.junit.platform.engine.support.hierarchical.NodeTestTask.execute(NodeTestTask.java:100) ~[junit-platform-engine-1.11.4.jar:1.11.4]
	at java.base/java.util.ArrayList.forEach(ArrayList.java:1511) ~[?:?]
	at org.junit.platform.engine.support.hierarchical.SameThreadHierarchicalTestExecutorService.invokeAll(SameThreadHierarchicalTestExecutorService.java:41) ~[junit-platform-engine-1.11.4.jar:1.11.4]
	at org.junit.platform.engine.support.hierarchical.NodeTestTask.lambda$executeRecursively$6(NodeTestTask.java:160) ~[junit-platform-engine-1.11.4.jar:1.11.4]
	at org.junit.platform.engine.support.hierarchical.ThrowableCollector.execute(ThrowableCollector.java:73) ~[junit-platform-engine-1.11.4.jar:1.11.4]
	at org.junit.platform.engine.support.hierarchical.NodeTestTask.lambda$executeRecursively$8(NodeTestTask.java:146) ~[junit-platform-engine-1.11.4.jar:1.11.4]
	at org.junit.platform.engine.support.hierarchical.Node.around(Node.java:137) ~[junit-platform-engine-1.11.4.jar:1.11.4]
	at org.junit.platform.engine.support.hierarchical.NodeTestTask.lambda$executeRecursively$9(NodeTestTask.java:144) ~[junit-platform-engine-1.11.4.jar:1.11.4]
	at org.junit.platform.engine.support.hierarchical.ThrowableCollector.execute(ThrowableCollector.java:73) ~[junit-platform-engine-1.11.4.jar:1.11.4]
	at org.junit.platform.engine.support.hierarchical.NodeTestTask.executeRecursively(NodeTestTask.java:143) ~[junit-platform-engine-1.11.4.jar:1.11.4]
	at org.junit.platform.engine.support.hierarchical.NodeTestTask.execute(NodeTestTask.java:100) ~[junit-platform-engine-1.11.4.jar:1.11.4]
	at org.junit.platform.engine.support.hierarchical.SameThreadHierarchicalTestExecutorService.submit(SameThreadHierarchicalTestExecutorService.java:35) ~[junit-platform-engine-1.11.4.jar:1.11.4]
	at org.junit.platform.engine.support.hierarchical.HierarchicalTestExecutor.execute(HierarchicalTestExecutor.java:57) ~[junit-platform-engine-1.11.4.jar:1.11.4]
	at org.junit.platform.engine.support.hierarchical.HierarchicalTestEngine.execute(HierarchicalTestEngine.java:54) ~[junit-platform-engine-1.11.4.jar:1.11.4]
	at org.junit.platform.launcher.core.EngineExecutionOrchestrator.execute(EngineExecutionOrchestrator.java:198) ~[junit-platform-launcher-1.11.4.jar:1.11.4]
	at org.junit.platform.launcher.core.EngineExecutionOrchestrator.execute(EngineExecutionOrchestrator.java:169) ~[junit-platform-launcher-1.11.4.jar:1.11.4]
	at org.junit.platform.launcher.core.EngineExecutionOrchestrator.execute(EngineExecutionOrchestrator.java:93) ~[junit-platform-launcher-1.11.4.jar:1.11.4]
	at org.junit.platform.launcher.core.EngineExecutionOrchestrator.lambda$execute$0(EngineExecutionOrchestrator.java:58) ~[junit-platform-launcher-1.11.4.jar:1.11.4]
	at org.junit.platform.launcher.core.EngineExecutionOrchestrator.withInterceptedStreams(EngineExecutionOrchestrator.java:141) [junit-platform-launcher-1.11.4.jar:1.11.4]
	at org.junit.platform.launcher.core.EngineExecutionOrchestrator.execute(EngineExecutionOrchestrator.java:57) [junit-platform-launcher-1.11.4.jar:1.11.4]
	at org.junit.platform.launcher.core.DefaultLauncher.execute(DefaultLauncher.java:103) [junit-platform-launcher-1.11.4.jar:1.11.4]
	at org.junit.platform.launcher.core.DefaultLauncher.execute(DefaultLauncher.java:85) [junit-platform-launcher-1.11.4.jar:1.11.4]
	at org.junit.platform.launcher.core.DelegatingLauncher.execute(DelegatingLauncher.java:47) [junit-platform-launcher-1.11.4.jar:1.11.4]
	at org.junit.platform.launcher.core.SessionPerRequestLauncher.execute(SessionPerRequestLauncher.java:63) [junit-platform-launcher-1.11.4.jar:1.11.4]
	at com.intellij.junit5.JUnit5IdeaTestRunner.startRunnerWithArgs(JUnit5IdeaTestRunner.java:57) [junit5-rt.jar:?]
	at com.intellij.rt.junit.IdeaTestRunner$Repeater$1.execute(IdeaTestRunner.java:38) [junit-rt.jar:?]
	at com.intellij.rt.execution.junit.TestsRepeater.repeat(TestsRepeater.java:11) [idea_rt.jar:?]
	at com.intellij.rt.junit.IdeaTestRunner$Repeater.startRunnerWithArgs(IdeaTestRunner.java:35) [junit-rt.jar:?]
	at com.intellij.rt.junit.JUnitStarter.prepareStreamsAndStart(JUnitStarter.java:232) [junit-rt.jar:?]
	at com.intellij.rt.junit.JUnitStarter.main(JUnitStarter.java:55) [junit-rt.jar:?]
Caused by: org.springframework.beans.factory.BeanCreationException: Error creating bean with name 'redisson' defined in class path resource [com/spring/ssm/config/RedisConfig.class]: Failed to instantiate [org.redisson.Redisson]: Factory method 'redisson' threw exception with message: Redis url should start with redis:// or rediss:// (for SSL connection)
	at org.springframework.beans.factory.support.ConstructorResolver.instantiate(ConstructorResolver.java:657) ~[spring-beans-6.2.8.jar:6.2.8]
	at org.springframework.beans.factory.support.ConstructorResolver.instantiateUsingFactoryMethod(ConstructorResolver.java:489) ~[spring-beans-6.2.8.jar:6.2.8]
	at org.springframework.beans.factory.support.AbstractAutowireCapableBeanFactory.instantiateUsingFactoryMethod(AbstractAutowireCapableBeanFactory.java:1375) ~[spring-beans-6.2.8.jar:6.2.8]
	at org.springframework.beans.factory.support.AbstractAutowireCapableBeanFactory.createBeanInstance(AbstractAutowireCapableBeanFactory.java:1205) ~[spring-beans-6.2.8.jar:6.2.8]
	at org.springframework.beans.factory.support.AbstractAutowireCapableBeanFactory.doCreateBean(AbstractAutowireCapableBeanFactory.java:569) ~[spring-beans-6.2.8.jar:6.2.8]
	at org.springframework.beans.factory.support.AbstractAutowireCapableBeanFactory.createBean(AbstractAutowireCapableBeanFactory.java:529) ~[spring-beans-6.2.8.jar:6.2.8]
	at org.springframework.beans.factory.support.AbstractBeanFactory.lambda$doGetBean$0(AbstractBeanFactory.java:339) ~[spring-beans-6.2.8.jar:6.2.8]
	at org.springframework.beans.factory.support.DefaultSingletonBeanRegistry.getSingleton(DefaultSingletonBeanRegistry.java:373) ~[spring-beans-6.2.8.jar:6.2.8]
	at org.springframework.beans.factory.support.AbstractBeanFactory.doGetBean(AbstractBeanFactory.java:337) ~[spring-beans-6.2.8.jar:6.2.8]
	at org.springframework.beans.factory.support.AbstractBeanFactory.getBean(AbstractBeanFactory.java:202) ~[spring-beans-6.2.8.jar:6.2.8]
	at org.springframework.beans.factory.support.DefaultListableBeanFactory.instantiateSingleton(DefaultListableBeanFactory.java:1222) ~[spring-beans-6.2.8.jar:6.2.8]
	at org.springframework.beans.factory.support.DefaultListableBeanFactory.preInstantiateSingleton(DefaultListableBeanFactory.java:1188) ~[spring-beans-6.2.8.jar:6.2.8]
	at org.springframework.beans.factory.support.DefaultListableBeanFactory.preInstantiateSingletons(DefaultListableBeanFactory.java:1123) ~[spring-beans-6.2.8.jar:6.2.8]
	at org.springframework.context.support.AbstractApplicationContext.finishBeanFactoryInitialization(AbstractApplicationContext.java:987) ~[spring-context-6.2.8.jar:6.2.8]
	at org.springframework.context.support.AbstractApplicationContext.refresh(AbstractApplicationContext.java:627) ~[spring-context-6.2.8.jar:6.2.8]
	at org.springframework.boot.SpringApplication.refresh(SpringApplication.java:752) ~[spring-boot-3.4.7.jar:3.4.7]
	at org.springframework.boot.SpringApplication.refreshContext(SpringApplication.java:439) ~[spring-boot-3.4.7.jar:3.4.7]
	at org.springframework.boot.SpringApplication.run(SpringApplication.java:318) ~[spring-boot-3.4.7.jar:3.4.7]
	at org.springframework.boot.test.context.SpringBootContextLoader.lambda$loadContext$3(SpringBootContextLoader.java:144) ~[spring-boot-test-3.4.7.jar:3.4.7]
	at org.springframework.util.function.ThrowingSupplier.get(ThrowingSupplier.java:58) ~[spring-core-6.2.8.jar:6.2.8]
	at org.springframework.util.function.ThrowingSupplier.get(ThrowingSupplier.java:46) ~[spring-core-6.2.8.jar:6.2.8]
	at org.springframework.boot.SpringApplication.withHook(SpringApplication.java:1461) ~[spring-boot-3.4.7.jar:3.4.7]
	at org.springframework.boot.test.context.SpringBootContextLoader$ContextLoaderHook.run(SpringBootContextLoader.java:563) ~[spring-boot-test-3.4.7.jar:3.4.7]
	at org.springframework.boot.test.context.SpringBootContextLoader.loadContext(SpringBootContextLoader.java:144) ~[spring-boot-test-3.4.7.jar:3.4.7]
	at org.springframework.boot.test.context.SpringBootContextLoader.loadContext(SpringBootContextLoader.java:110) ~[spring-boot-test-3.4.7.jar:3.4.7]
	at org.springframework.test.context.cache.DefaultCacheAwareContextLoaderDelegate.loadContextInternal(DefaultCacheAwareContextLoaderDelegate.java:225) ~[spring-test-6.2.8.jar:6.2.8]
	at org.springframework.test.context.cache.DefaultCacheAwareContextLoaderDelegate.loadContext(DefaultCacheAwareContextLoaderDelegate.java:152) ~[spring-test-6.2.8.jar:6.2.8]
	... 74 more
Caused by: org.springframework.beans.BeanInstantiationException: Failed to instantiate [org.redisson.Redisson]: Factory method 'redisson' threw exception with message: Redis url should start with redis:// or rediss:// (for SSL connection)
	at org.springframework.beans.factory.support.SimpleInstantiationStrategy.lambda$instantiate$0(SimpleInstantiationStrategy.java:199) ~[spring-beans-6.2.8.jar:6.2.8]
	at org.springframework.beans.factory.support.SimpleInstantiationStrategy.instantiateWithFactoryMethod(SimpleInstantiationStrategy.java:88) ~[spring-beans-6.2.8.jar:6.2.8]
	at org.springframework.beans.factory.support.SimpleInstantiationStrategy.instantiate(SimpleInstantiationStrategy.java:168) ~[spring-beans-6.2.8.jar:6.2.8]
	at org.springframework.beans.factory.support.ConstructorResolver.instantiate(ConstructorResolver.java:653) ~[spring-beans-6.2.8.jar:6.2.8]
	at org.springframework.beans.factory.support.ConstructorResolver.instantiateUsingFactoryMethod(ConstructorResolver.java:489) ~[spring-beans-6.2.8.jar:6.2.8]
	at org.springframework.beans.factory.support.AbstractAutowireCapableBeanFactory.instantiateUsingFactoryMethod(AbstractAutowireCapableBeanFactory.java:1375) ~[spring-beans-6.2.8.jar:6.2.8]
	at org.springframework.beans.factory.support.AbstractAutowireCapableBeanFactory.createBeanInstance(AbstractAutowireCapableBeanFactory.java:1205) ~[spring-beans-6.2.8.jar:6.2.8]
	at org.springframework.beans.factory.support.AbstractAutowireCapableBeanFactory.doCreateBean(AbstractAutowireCapableBeanFactory.java:569) ~[spring-beans-6.2.8.jar:6.2.8]
	at org.springframework.beans.factory.support.AbstractAutowireCapableBeanFactory.createBean(AbstractAutowireCapableBeanFactory.java:529) ~[spring-beans-6.2.8.jar:6.2.8]
	at org.springframework.beans.factory.support.AbstractBeanFactory.lambda$doGetBean$0(AbstractBeanFactory.java:339) ~[spring-beans-6.2.8.jar:6.2.8]
	at org.springframework.beans.factory.support.DefaultSingletonBeanRegistry.getSingleton(DefaultSingletonBeanRegistry.java:373) ~[spring-beans-6.2.8.jar:6.2.8]
	at org.springframework.beans.factory.support.AbstractBeanFactory.doGetBean(AbstractBeanFactory.java:337) ~[spring-beans-6.2.8.jar:6.2.8]
	at org.springframework.beans.factory.support.AbstractBeanFactory.getBean(AbstractBeanFactory.java:202) ~[spring-beans-6.2.8.jar:6.2.8]
	at org.springframework.beans.factory.support.DefaultListableBeanFactory.instantiateSingleton(DefaultListableBeanFactory.java:1222) ~[spring-beans-6.2.8.jar:6.2.8]
	at org.springframework.beans.factory.support.DefaultListableBeanFactory.preInstantiateSingleton(DefaultListableBeanFactory.java:1188) ~[spring-beans-6.2.8.jar:6.2.8]
	at org.springframework.beans.factory.support.DefaultListableBeanFactory.preInstantiateSingletons(DefaultListableBeanFactory.java:1123) ~[spring-beans-6.2.8.jar:6.2.8]
	at org.springframework.context.support.AbstractApplicationContext.finishBeanFactoryInitialization(AbstractApplicationContext.java:987) ~[spring-context-6.2.8.jar:6.2.8]
	at org.springframework.context.support.AbstractApplicationContext.refresh(AbstractApplicationContext.java:627) ~[spring-context-6.2.8.jar:6.2.8]
	at org.springframework.boot.SpringApplication.refresh(SpringApplication.java:752) ~[spring-boot-3.4.7.jar:3.4.7]
	at org.springframework.boot.SpringApplication.refreshContext(SpringApplication.java:439) ~[spring-boot-3.4.7.jar:3.4.7]
	at org.springframework.boot.SpringApplication.run(SpringApplication.java:318) ~[spring-boot-3.4.7.jar:3.4.7]
	at org.springframework.boot.test.context.SpringBootContextLoader.lambda$loadContext$3(SpringBootContextLoader.java:144) ~[spring-boot-test-3.4.7.jar:3.4.7]
	at org.springframework.util.function.ThrowingSupplier.get(ThrowingSupplier.java:58) ~[spring-core-6.2.8.jar:6.2.8]
	at org.springframework.util.function.ThrowingSupplier.get(ThrowingSupplier.java:46) ~[spring-core-6.2.8.jar:6.2.8]
	at org.springframework.boot.SpringApplication.withHook(SpringApplication.java:1461) ~[spring-boot-3.4.7.jar:3.4.7]
	at org.springframework.boot.test.context.SpringBootContextLoader$ContextLoaderHook.run(SpringBootContextLoader.java:563) ~[spring-boot-test-3.4.7.jar:3.4.7]
	at org.springframework.boot.test.context.SpringBootContextLoader.loadContext(SpringBootContextLoader.java:144) ~[spring-boot-test-3.4.7.jar:3.4.7]
	at org.springframework.boot.test.context.SpringBootContextLoader.loadContext(SpringBootContextLoader.java:110) ~[spring-boot-test-3.4.7.jar:3.4.7]
	at org.springframework.test.context.cache.DefaultCacheAwareContextLoaderDelegate.loadContextInternal(DefaultCacheAwareContextLoaderDelegate.java:225) ~[spring-test-6.2.8.jar:6.2.8]
	at org.springframework.test.context.cache.DefaultCacheAwareContextLoaderDelegate.loadContext(DefaultCacheAwareContextLoaderDelegate.java:152) ~[spring-test-6.2.8.jar:6.2.8]
	... 74 more
Caused by: java.lang.IllegalArgumentException: Redis url should start with redis:// or rediss:// (for SSL connection)
	at org.redisson.misc.RedisURI.<init>(RedisURI.java:68) ~[redisson-3.50.0.jar:3.50.0]
	at org.redisson.connection.ServiceManager.<init>(ServiceManager.java:166) ~[redisson-3.50.0.jar:3.50.0]
	at org.redisson.connection.MasterSlaveConnectionManager.<init>(MasterSlaveConnectionManager.java:78) ~[redisson-3.50.0.jar:3.50.0]
	at org.redisson.connection.SingleConnectionManager.<init>(SingleConnectionManager.java:28) ~[redisson-3.50.0.jar:3.50.0]
	at org.redisson.connection.ConnectionManager.create(ConnectionManager.java:85) ~[redisson-3.50.0.jar:3.50.0]
	at org.redisson.Redisson.<init>(Redisson.java:76) ~[redisson-3.50.0.jar:3.50.0]
	at org.redisson.Redisson.create(Redisson.java:119) ~[redisson-3.50.0.jar:3.50.0]
	at com.spring.authsvr.config.RedisConfig.redisson(RedisConfig.java:45) ~[classes/:?]
	at com.spring.authsvr.config.RedisConfig$$SpringCGLIB$$0.CGLIB$redisson$1(<generated>) ~[classes/:?]
	at com.spring.authsvr.config.RedisConfig$$SpringCGLIB$$FastClass$$1.invoke(<generated>) ~[classes/:?]
	at org.springframework.cglib.proxy.MethodProxy.invokeSuper(MethodProxy.java:258) ~[spring-core-6.2.8.jar:6.2.8]
	at org.springframework.context.annotation.ConfigurationClassEnhancer$BeanMethodInterceptor.intercept(ConfigurationClassEnhancer.java:400) ~[spring-context-6.2.8.jar:6.2.8]
	at com.spring.authsvr.config.RedisConfig$$SpringCGLIB$$0.redisson(<generated>) ~[classes/:?]
	at java.base/jdk.internal.reflect.NativeMethodAccessorImpl.invoke0(Native Method) ~[?:?]
	at java.base/jdk.internal.reflect.NativeMethodAccessorImpl.invoke(NativeMethodAccessorImpl.java:77) ~[?:?]
	at java.base/jdk.internal.reflect.DelegatingMethodAccessorImpl.invoke(DelegatingMethodAccessorImpl.java:43) ~[?:?]
	at java.base/java.lang.reflect.Method.invoke(Method.java:568) ~[?:?]
	at org.springframework.beans.factory.support.SimpleInstantiationStrategy.lambda$instantiate$0(SimpleInstantiationStrategy.java:171) ~[spring-beans-6.2.8.jar:6.2.8]
	at org.springframework.beans.factory.support.SimpleInstantiationStrategy.instantiateWithFactoryMethod(SimpleInstantiationStrategy.java:88) ~[spring-beans-6.2.8.jar:6.2.8]
	at org.springframework.beans.factory.support.SimpleInstantiationStrategy.instantiate(SimpleInstantiationStrategy.java:168) ~[spring-beans-6.2.8.jar:6.2.8]
	at org.springframework.beans.factory.support.ConstructorResolver.instantiate(ConstructorResolver.java:653) ~[spring-beans-6.2.8.jar:6.2.8]
	at org.springframework.beans.factory.support.ConstructorResolver.instantiateUsingFactoryMethod(ConstructorResolver.java:489) ~[spring-beans-6.2.8.jar:6.2.8]
	at org.springframework.beans.factory.support.AbstractAutowireCapableBeanFactory.instantiateUsingFactoryMethod(AbstractAutowireCapableBeanFactory.java:1375) ~[spring-beans-6.2.8.jar:6.2.8]
	at org.springframework.beans.factory.support.AbstractAutowireCapableBeanFactory.createBeanInstance(AbstractAutowireCapableBeanFactory.java:1205) ~[spring-beans-6.2.8.jar:6.2.8]
	at org.springframework.beans.factory.support.AbstractAutowireCapableBeanFactory.doCreateBean(AbstractAutowireCapableBeanFactory.java:569) ~[spring-beans-6.2.8.jar:6.2.8]
	at org.springframework.beans.factory.support.AbstractAutowireCapableBeanFactory.createBean(AbstractAutowireCapableBeanFactory.java:529) ~[spring-beans-6.2.8.jar:6.2.8]
	at org.springframework.beans.factory.support.AbstractBeanFactory.lambda$doGetBean$0(AbstractBeanFactory.java:339) ~[spring-beans-6.2.8.jar:6.2.8]
	at org.springframework.beans.factory.support.DefaultSingletonBeanRegistry.getSingleton(DefaultSingletonBeanRegistry.java:373) ~[spring-beans-6.2.8.jar:6.2.8]
	at org.springframework.beans.factory.support.AbstractBeanFactory.doGetBean(AbstractBeanFactory.java:337) ~[spring-beans-6.2.8.jar:6.2.8]
	at org.springframework.beans.factory.support.AbstractBeanFactory.getBean(AbstractBeanFactory.java:202) ~[spring-beans-6.2.8.jar:6.2.8]
	at org.springframework.beans.factory.support.DefaultListableBeanFactory.instantiateSingleton(DefaultListableBeanFactory.java:1222) ~[spring-beans-6.2.8.jar:6.2.8]
	at org.springframework.beans.factory.support.DefaultListableBeanFactory.preInstantiateSingleton(DefaultListableBeanFactory.java:1188) ~[spring-beans-6.2.8.jar:6.2.8]
	at org.springframework.beans.factory.support.DefaultListableBeanFactory.preInstantiateSingletons(DefaultListableBeanFactory.java:1123) ~[spring-beans-6.2.8.jar:6.2.8]
	at org.springframework.context.support.AbstractApplicationContext.finishBeanFactoryInitialization(AbstractApplicationContext.java:987) ~[spring-context-6.2.8.jar:6.2.8]
	at org.springframework.context.support.AbstractApplicationContext.refresh(AbstractApplicationContext.java:627) ~[spring-context-6.2.8.jar:6.2.8]
	at org.springframework.boot.SpringApplication.refresh(SpringApplication.java:752) ~[spring-boot-3.4.7.jar:3.4.7]
	at org.springframework.boot.SpringApplication.refreshContext(SpringApplication.java:439) ~[spring-boot-3.4.7.jar:3.4.7]
	at org.springframework.boot.SpringApplication.run(SpringApplication.java:318) ~[spring-boot-3.4.7.jar:3.4.7]
	at org.springframework.boot.test.context.SpringBootContextLoader.lambda$loadContext$3(SpringBootContextLoader.java:144) ~[spring-boot-test-3.4.7.jar:3.4.7]
	at org.springframework.util.function.ThrowingSupplier.get(ThrowingSupplier.java:58) ~[spring-core-6.2.8.jar:6.2.8]
	at org.springframework.util.function.ThrowingSupplier.get(ThrowingSupplier.java:46) ~[spring-core-6.2.8.jar:6.2.8]
	at org.springframework.boot.SpringApplication.withHook(SpringApplication.java:1461) ~[spring-boot-3.4.7.jar:3.4.7]
	at org.springframework.boot.test.context.SpringBootContextLoader$ContextLoaderHook.run(SpringBootContextLoader.java:563) ~[spring-boot-test-3.4.7.jar:3.4.7]
	at org.springframework.boot.test.context.SpringBootContextLoader.loadContext(SpringBootContextLoader.java:144) ~[spring-boot-test-3.4.7.jar:3.4.7]
	at org.springframework.boot.test.context.SpringBootContextLoader.loadContext(SpringBootContextLoader.java:110) ~[spring-boot-test-3.4.7.jar:3.4.7]
	at org.springframework.test.context.cache.DefaultCacheAwareContextLoaderDelegate.loadContextInternal(DefaultCacheAwareContextLoaderDelegate.java:225) ~[spring-test-6.2.8.jar:6.2.8]
	at org.springframework.test.context.cache.DefaultCacheAwareContextLoaderDelegate.loadContext(DefaultCacheAwareContextLoaderDelegate.java:152) ~[spring-test-6.2.8.jar:6.2.8]
	... 74 more
2025-08-04 08:51:56 321 [main] INFO  org.springframework.test.context.support.AnnotationConfigContextLoaderUtils -  Could not detect default configuration classes for test class [com.spring.authsvr.NIOTests]: NIOTests does not declare any static, non-private, non-final, nested classes annotated with @Configuration.
2025-08-04 08:51:56 484 [main] INFO  org.springframework.boot.test.context.SpringBootTestContextBootstrapper -  Found @SpringBootConfiguration com.spring.authsvr.SsmApplication for test class com.spring.authsvr.NIOTests
2025-08-04 08:51:56 993 [main] INFO  com.spring.authsvr.listener.MyListener -  感知事件ApplicationEnvironmentPreparedEvent
2025-08-04 08:51:56 994 [main] INFO  com.spring.authsvr.listener.MyAppListener -  environmentPrepared
2025-08-04 08:51:57 037 [background-preinit] INFO  org.hibernate.validator.internal.util.Version -  HV000001: Hibernate Validator 8.0.2.Final
2025-08-04 08:51:57 084 [main] INFO  com.spring.authsvr.listener.MyListener -  感知事件ApplicationContextInitializedEvent
2025-08-04 08:51:57 084 [main] INFO  com.spring.authsvr.listener.MyAppListener -  contextPrepared
2025-08-04 08:51:57 086 [main] INFO  com.spring.authsvr.NIOTests -  Starting NIOTests using Java 17.0.15 with PID 7684 (started by 86131 in E:\Workspace\springboot3\ssm)
2025-08-04 08:51:57 091 [main] INFO  com.spring.authsvr.NIOTests -  The following 1 profile is active: "dev"
2025-08-04 08:51:57 139 [main] INFO  com.spring.authsvr.listener.MyListener -  感知事件ApplicationPreparedEvent
2025-08-04 08:51:57 140 [main] INFO  com.spring.authsvr.listener.MyAppListener -  contextLoaded
2025-08-04 08:51:58 255 [main] INFO  org.springframework.data.repository.config.RepositoryConfigurationDelegate -  Multiple Spring Data modules found, entering strict repository configuration mode
2025-08-04 08:51:58 258 [main] INFO  org.springframework.data.repository.config.RepositoryConfigurationDelegate -  Bootstrapping Spring Data Redis repositories in DEFAULT mode.
2025-08-04 08:51:58 311 [main] INFO  org.springframework.data.repository.config.RepositoryConfigurationDelegate -  Finished Spring Data repository scanning in 25 ms. Found 0 Redis repository interfaces.
2025-08-04 08:52:01 173 [main] INFO  org.redisson.Version -  Redisson 3.50.0
2025-08-04 08:52:01 941 [redisson-netty-4-4] INFO  org.redisson.connection.ConnectionsHolder -  1 connections initialized for 192.168.0.107/192.168.0.107:6379
2025-08-04 08:52:02 037 [redisson-netty-4-19] INFO  org.redisson.connection.ConnectionsHolder -  24 connections initialized for 192.168.0.107/192.168.0.107:6379
2025-08-04 08:52:03 903 [main] INFO  com.spring.authsvr.listener.MyListener -  感知事件ContextRefreshedEvent
2025-08-04 08:52:03 910 [main] INFO  com.spring.authsvr.NIOTests -  Started NIOTests in 7.224 seconds (process running for 9.394)
2025-08-04 08:52:03 912 [main] INFO  com.spring.authsvr.listener.MyListener -  感知事件ApplicationStartedEvent
2025-08-04 08:52:03 914 [main] INFO  com.spring.authsvr.listener.MyListener -  感知事件AvailabilityChangeEvent
2025-08-04 08:52:03 914 [main] INFO  com.spring.authsvr.listener.MyAppListener -  started
2025-08-04 08:52:03 920 [main] INFO  com.spring.authsvr.listener.MyListener -  感知事件ApplicationReadyEvent
2025-08-04 08:52:03 921 [main] INFO  com.spring.authsvr.listener.MyListener -  感知事件AvailabilityChangeEvent
2025-08-04 08:52:03 922 [main] INFO  com.spring.authsvr.listener.MyAppListener -  ready
2025-08-04 08:52:03 959 [main] INFO  com.spring.authsvr.listener.MyListener -  感知事件PrepareTestInstanceEvent
2025-08-04 08:52:03 973 [main] INFO  com.spring.authsvr.listener.MyListener -  感知事件BeforeTestMethodEvent
2025-08-04 08:52:05 032 [main] INFO  com.spring.authsvr.listener.MyListener -  感知事件BeforeTestExecutionEvent
2025-08-04 08:52:22 652 [SpringApplicationShutdownHook] INFO  com.spring.authsvr.listener.MyListener -  感知事件ContextClosedEvent
2025-08-04 08:52:29 270 [main] INFO  org.springframework.test.context.support.AnnotationConfigContextLoaderUtils -  Could not detect default configuration classes for test class [com.spring.authsvr.NIOTests]: NIOTests does not declare any static, non-private, non-final, nested classes annotated with @Configuration.
2025-08-04 08:52:29 416 [main] INFO  org.springframework.boot.test.context.SpringBootTestContextBootstrapper -  Found @SpringBootConfiguration com.spring.authsvr.SsmApplication for test class com.spring.authsvr.NIOTests
2025-08-04 08:52:29 911 [main] INFO  com.spring.authsvr.listener.MyListener -  感知事件ApplicationEnvironmentPreparedEvent
2025-08-04 08:52:29 913 [main] INFO  com.spring.authsvr.listener.MyAppListener -  environmentPrepared
2025-08-04 08:52:29 946 [background-preinit] INFO  org.hibernate.validator.internal.util.Version -  HV000001: Hibernate Validator 8.0.2.Final
2025-08-04 08:52:29 990 [main] INFO  com.spring.authsvr.listener.MyListener -  感知事件ApplicationContextInitializedEvent
2025-08-04 08:52:29 990 [main] INFO  com.spring.authsvr.listener.MyAppListener -  contextPrepared
2025-08-04 08:52:29 992 [main] INFO  com.spring.authsvr.NIOTests -  Starting NIOTests using Java 17.0.15 with PID 22676 (started by 86131 in E:\Workspace\springboot3\ssm)
2025-08-04 08:52:29 997 [main] INFO  com.spring.authsvr.NIOTests -  The following 1 profile is active: "dev"
2025-08-04 08:52:30 045 [main] INFO  com.spring.authsvr.listener.MyListener -  感知事件ApplicationPreparedEvent
2025-08-04 08:52:30 046 [main] INFO  com.spring.authsvr.listener.MyAppListener -  contextLoaded
2025-08-04 08:52:31 078 [main] INFO  org.springframework.data.repository.config.RepositoryConfigurationDelegate -  Multiple Spring Data modules found, entering strict repository configuration mode
2025-08-04 08:52:31 082 [main] INFO  org.springframework.data.repository.config.RepositoryConfigurationDelegate -  Bootstrapping Spring Data Redis repositories in DEFAULT mode.
2025-08-04 08:52:31 133 [main] INFO  org.springframework.data.repository.config.RepositoryConfigurationDelegate -  Finished Spring Data repository scanning in 26 ms. Found 0 Redis repository interfaces.
2025-08-04 08:52:33 744 [main] INFO  org.redisson.Version -  Redisson 3.50.0
2025-08-04 08:52:34 435 [redisson-netty-4-4] INFO  org.redisson.connection.ConnectionsHolder -  1 connections initialized for 192.168.0.107/192.168.0.107:6379
2025-08-04 08:52:34 531 [redisson-netty-4-19] INFO  org.redisson.connection.ConnectionsHolder -  24 connections initialized for 192.168.0.107/192.168.0.107:6379
2025-08-04 08:52:36 294 [main] INFO  com.spring.authsvr.listener.MyListener -  感知事件ContextRefreshedEvent
2025-08-04 08:52:36 301 [main] INFO  com.spring.authsvr.NIOTests -  Started NIOTests in 6.7 seconds (process running for 8.783)
2025-08-04 08:52:36 304 [main] INFO  com.spring.authsvr.listener.MyListener -  感知事件ApplicationStartedEvent
2025-08-04 08:52:36 306 [main] INFO  com.spring.authsvr.listener.MyListener -  感知事件AvailabilityChangeEvent
2025-08-04 08:52:36 307 [main] INFO  com.spring.authsvr.listener.MyAppListener -  started
2025-08-04 08:52:36 311 [main] INFO  com.spring.authsvr.listener.MyListener -  感知事件ApplicationReadyEvent
2025-08-04 08:52:36 312 [main] INFO  com.spring.authsvr.listener.MyListener -  感知事件AvailabilityChangeEvent
2025-08-04 08:52:36 313 [main] INFO  com.spring.authsvr.listener.MyAppListener -  ready
2025-08-04 08:52:36 347 [main] INFO  com.spring.authsvr.listener.MyListener -  感知事件PrepareTestInstanceEvent
2025-08-04 08:52:36 361 [main] INFO  com.spring.authsvr.listener.MyListener -  感知事件BeforeTestMethodEvent
2025-08-04 08:52:37 480 [main] INFO  com.spring.authsvr.listener.MyListener -  感知事件BeforeTestExecutionEvent
2025-08-04 08:53:07 528 [main] INFO  com.spring.authsvr.listener.MyListener -  感知事件AfterTestExecutionEvent
2025-08-04 08:53:07 533 [main] INFO  com.spring.authsvr.listener.MyListener -  感知事件AfterTestMethodEvent
2025-08-04 08:53:07 541 [main] INFO  com.spring.authsvr.listener.MyListener -  感知事件AfterTestClassEvent
2025-08-04 08:53:07 545 [SpringApplicationShutdownHook] INFO  com.spring.authsvr.listener.MyListener -  感知事件ContextClosedEvent
